<?xml version="1.0" encoding="UTF-8"?>
<!-- Generated by org.testng.reporters.JUnitReportReporter -->
<testsuite skipped="0" hostname="LT-PF1T61GZ" name="org.example.ChromeTest3" tests="1" failures="0" timestamp="2021-06-03T20:14:11 IST" time="6.042" errors="0">
  <testcase name="shouldAnswerWithTrue" time="6.042" classname="org.example.ChromeTest3"/>
  <system-out/>
</testsuite> <!-- org.example.ChromeTest3 -->
