<?xml version="1.0" encoding="UTF-8"?>
<!-- Generated by org.testng.reporters.JUnitReportReporter -->
<testsuite skipped="0" hostname="LT-PF1T61GZ" name="org.example.AppTest" tests="1" failures="0" timestamp="2021-06-03T20:02:31 IST" time="0.005" errors="0">
  <testcase name="shouldAnswerWithTrue" time="0.005" classname="org.example.AppTest"/>
  <system-out/>
</testsuite> <!-- org.example.AppTest -->
