<?xml version="1.0" encoding="UTF-8"?>
<!-- Generated by org.testng.reporters.JUnitReportReporter -->
<testsuite skipped="0" hostname="LT-PF1T61GZ" name="org.example.ChromeTest2" tests="1" failures="0" timestamp="2021-06-03T20:47:37 IST" time="10.867" errors="0">
  <testcase name="shouldAnswerWithTrue" time="10.867" classname="org.example.ChromeTest2"/>
  <system-out/>
</testsuite> <!-- org.example.ChromeTest2 -->
